# JRE version: OpenJDK Runtime Environment (17.0.7) (build 17.0.7+0-b2043.56-10550314)
# Java VM: OpenJDK 64-Bit Server VM (17.0.7+0-b2043.56-10550314, mixed mode, tiered, compressed oops, compressed class ptrs, g1 gc, windows-amd64)
GC Precious Log:
 CPUs: 8 total, 8 available
 Memory: 16144M
 Large Page Support: Disabled
 NUMA Support: Disabled
 Compressed Oops: Enabled (32-bit)
 Heap Region Size: 1M
 Heap Min Capacity: 8M
 Heap Initial Capacity: 254M
 Heap Max Capacity: 2G
 Pre-touch: Disabled
 Parallel Workers: 8
 Concurrent Workers: 2
 Concurrent Refinement Workers: 8
 Periodic GC: Disabled
Heap:
 garbage-first heap   total 332800K, used 166962K [0x0000000080000000, 0x0000000100000000)
  region size 1024K, 26 young (26624K), 2 survivors (2048K)
 Metaspace       used 107659K, committed 108544K, reserved 1179648K
  class space    used 14631K, committed 15040K, reserved 1048576K
GC Heap History (20 events):
Event: 38.881 GC heap before
{Heap before GC invocations=62 (full 0):
 garbage-first heap   total 243712K, used 170663K [0x0000000080000000, 0x0000000100000000)
  region size 1024K, 32 young (32768K), 4 survivors (4096K)
 Metaspace       used 104549K, committed 105280K, reserved 1179648K
  class space    used 14331K, committed 14720K, reserved 1048576K
}
Event: 38.891 GC heap after
{Heap after GC invocations=63 (full 0):
 garbage-first heap   total 243712K, used 141756K [0x0000000080000000, 0x0000000100000000)
  region size 1024K, 7 young (7168K), 7 survivors (7168K)
 Metaspace       used 104549K, committed 105280K, reserved 1179648K
  class space    used 14331K, committed 14720K, reserved 1048576K
}
Event: 38.911 GC heap before
{Heap before GC invocations=63 (full 0):
 garbage-first heap   total 243712K, used 158140K [0x0000000080000000, 0x0000000100000000)
  region size 1024K, 9 young (9216K), 7 survivors (7168K)
 Metaspace       used 104622K, committed 105408K, reserved 1179648K
  class space    used 14339K, committed 14720K, reserved 1048576K
}
Event: 38.918 GC heap after
{Heap after GC invocations=64 (full 0):
 garbage-first heap   total 243712K, used 160034K [0x0000000080000000, 0x0000000100000000)
  region size 1024K, 5 young (5120K), 5 survivors (5120K)
 Metaspace       used 104622K, committed 105408K, reserved 1179648K
  class space    used 14339K, committed 14720K, reserved 1048576K
}
Event: 66.360 GC heap before
{Heap before GC invocations=65 (full 0):
 garbage-first heap   total 332800K, used 268578K [0x0000000080000000, 0x0000000100000000)
  region size 1024K, 31 young (31744K), 5 survivors (5120K)
 Metaspace       used 106049K, committed 106752K, reserved 1179648K
  class space    used 14566K, committed 14912K, reserved 1048576K
}
Event: 66.370 GC heap after
{Heap after GC invocations=66 (full 0):
 garbage-first heap   total 332800K, used 142978K [0x0000000080000000, 0x0000000100000000)
  region size 1024K, 2 young (2048K), 2 survivors (2048K)
 Metaspace       used 106049K, committed 106752K, reserved 1179648K
  class space    used 14566K, committed 14912K, reserved 1048576K
}
Event: 66.726 GC heap before
{Heap before GC invocations=66 (full 0):
 garbage-first heap   total 332800K, used 157314K [0x0000000080000000, 0x0000000100000000)
  region size 1024K, 16 young (16384K), 2 survivors (2048K)
 Metaspace       used 106116K, committed 106816K, reserved 1179648K
  class space    used 14571K, committed 14912K, reserved 1048576K
}
Event: 66.733 GC heap after
{Heap after GC invocations=67 (full 0):
 garbage-first heap   total 332800K, used 142349K [0x0000000080000000, 0x0000000100000000)
  region size 1024K, 2 young (2048K), 2 survivors (2048K)
 Metaspace       used 106116K, committed 106816K, reserved 1179648K
  class space    used 14571K, committed 14912K, reserved 1048576K
}
Event: 72.399 GC heap before
{Heap before GC invocations=67 (full 0):
 garbage-first heap   total 332800K, used 242701K [0x0000000080000000, 0x0000000100000000)
  region size 1024K, 100 young (102400K), 2 survivors (2048K)
 Metaspace       used 106854K, committed 107648K, reserved 1179648K
  class space    used 14603K, committed 14976K, reserved 1048576K
}
Event: 72.420 GC heap after
{Heap after GC invocations=68 (full 0):
 garbage-first heap   total 332800K, used 152316K [0x0000000080000000, 0x0000000100000000)
  region size 1024K, 12 young (12288K), 12 survivors (12288K)
 Metaspace       used 106854K, committed 107648K, reserved 1179648K
  class space    used 14603K, committed 14976K, reserved 1048576K
}
Event: 1079.414 GC heap before
{Heap before GC invocations=69 (full 0):
 garbage-first heap   total 332800K, used 305916K [0x0000000080000000, 0x0000000100000000)
  region size 1024K, 67 young (68608K), 12 survivors (12288K)
 Metaspace       used 107240K, committed 108032K, reserved 1179648K
  class space    used 14617K, committed 14976K, reserved 1048576K
}
Event: 1080.117 GC heap after
{Heap after GC invocations=70 (full 0):
 garbage-first heap   total 332800K, used 153653K [0x0000000080000000, 0x0000000100000000)
  region size 1024K, 3 young (3072K), 3 survivors (3072K)
 Metaspace       used 107240K, committed 108032K, reserved 1179648K
  class space    used 14617K, committed 14976K, reserved 1048576K
}
Event: 1752.413 GC heap before
{Heap before GC invocations=70 (full 0):
 garbage-first heap   total 332800K, used 166965K [0x0000000080000000, 0x0000000100000000)
  region size 1024K, 16 young (16384K), 3 survivors (3072K)
 Metaspace       used 107306K, committed 108096K, reserved 1179648K
  class space    used 14617K, committed 14976K, reserved 1048576K
}
Event: 1753.036 GC heap after
{Heap after GC invocations=71 (full 0):
 garbage-first heap   total 332800K, used 145269K [0x0000000080000000, 0x0000000100000000)
  region size 1024K, 1 young (1024K), 1 survivors (1024K)
 Metaspace       used 107306K, committed 108096K, reserved 1179648K
  class space    used 14617K, committed 14976K, reserved 1048576K
}
Event: 1785.867 GC heap before
{Heap before GC invocations=71 (full 0):
 garbage-first heap   total 332800K, used 181109K [0x0000000080000000, 0x0000000100000000)
  region size 1024K, 37 young (37888K), 1 survivors (1024K)
 Metaspace       used 107375K, committed 108160K, reserved 1179648K
  class space    used 14620K, committed 14976K, reserved 1048576K
}
Event: 1785.900 GC heap after
{Heap after GC invocations=72 (full 0):
 garbage-first heap   total 332800K, used 147945K [0x0000000080000000, 0x0000000100000000)
  region size 1024K, 4 young (4096K), 4 survivors (4096K)
 Metaspace       used 107375K, committed 108160K, reserved 1179648K
  class space    used 14620K, committed 14976K, reserved 1048576K
}
Event: 1788.925 GC heap before
{Heap before GC invocations=73 (full 0):
 garbage-first heap   total 332800K, used 187881K [0x0000000080000000, 0x0000000100000000)
  region size 1024K, 49 young (50176K), 4 survivors (4096K)
 Metaspace       used 107565K, committed 108480K, reserved 1179648K
  class space    used 14625K, committed 15040K, reserved 1048576K
}
Event: 1788.981 GC heap after
{Heap after GC invocations=74 (full 0):
 garbage-first heap   total 332800K, used 149287K [0x0000000080000000, 0x0000000100000000)
  region size 1024K, 7 young (7168K), 7 survivors (7168K)
 Metaspace       used 107565K, committed 108480K, reserved 1179648K
  class space    used 14625K, committed 15040K, reserved 1048576K
}
Event: 1789.468 GC heap before
{Heap before GC invocations=74 (full 0):
 garbage-first heap   total 332800K, used 158503K [0x0000000080000000, 0x0000000100000000)
  region size 1024K, 16 young (16384K), 7 survivors (7168K)
 Metaspace       used 107580K, committed 108480K, reserved 1179648K
  class space    used 14626K, committed 15040K, reserved 1048576K
}
Event: 1789.551 GC heap after
{Heap after GC invocations=75 (full 0):
 garbage-first heap   total 332800K, used 143410K [0x0000000080000000, 0x0000000100000000)
  region size 1024K, 2 young (2048K), 2 survivors (2048K)
 Metaspace       used 107580K, committed 108480K, reserved 1179648K
  class space    used 14626K, committed 15040K, reserved 1048576K
}

